<?xml version="1.0" encoding="UTF-8"?>
<testsuite name="PracticeProject/tests" tests="1" failures="0" skipped="0" hostname="ibm-saurabhkumar" time="0.107" timestamp="Tue Nov 15 23:33:53 IST 2022">
	<properties>
		<property name="excludeCallableTestCases" value="true"/>
		<property name="testEnvironment" value=""/>
		<property name="pluginOutputLevel" value="WARNING"/>
		<property name="projectPath" value=".."/>
		<property name="salesforceMetadataCache" value="Reuse"/>
		<property name="resultsPathDisposition" value="Increment"/>
		<property name="testOutputLevel" value="INFO"/>
		<property name="webBrowserType" value="Chrome"/>
		<property name="resultsPath" value="../ANT/Resultssecond"/>
		<property name="webBrowserConfiguration" value="Full Screen"/>
		<property name="projectCachePath" value="C:\Users\saurabh.kumar\Provar\jenkins\PracticeProject\ANT\..\..\.provarCaches"/>
	</properties>
	<testcase classname="tests/Test Case 2.testcase" name="Test Case 2.testcase" time="0.056">
	</testcase>
</testsuite>
